[INFO ] 2017-07-06 18:34:35.357 [main] Application - Application.main() start
[INFO ] 2017-07-06 18:34:43.893 [main] Application - Starting Application on DESKTOP-LG7TDCM with PID 4556 (C:\Users\user\git\StreetNamesNormalizator\target\classes started by user in C:\Users\user\git\StreetNamesNormalizator)
[INFO ] 2017-07-06 18:34:43.894 [main] Application - No active profile set, falling back to default profiles: default
[INFO ] 2017-07-06 18:34:44.280 [main] AnnotationConfigApplicationContext - Refreshing org.springframework.context.annotation.AnnotationConfigApplicationContext@ae13544: startup date [Thu Jul 06 18:34:44 EEST 2017]; root of context hierarchy
[INFO ] 2017-07-06 18:34:50.112 [main] MainFrame - initValues() - Frame title -Red registry street name normalizator
[INFO ] 2017-07-06 18:34:50.655 [main] AnnotationMBeanExporter - Registering beans for JMX exposure on startup
[INFO ] 2017-07-06 18:34:50.765 [main] Runner - Runner.run start
[INFO ] 2017-07-06 18:34:50.765 [main] Runner - Frame title -Red registry street name normalizator
[INFO ] 2017-07-06 18:34:50.767 [main] Runner - Runner.run start
[INFO ] 2017-07-06 18:34:50.774 [main] Application - Started Application in 14.595 seconds (JVM running for 20.312)
[INFO ] 2017-07-06 18:34:50.774 [main] Application - Application.main() exit
[INFO ] 2017-07-06 18:35:13.717 [Thread-5] AnnotationConfigApplicationContext - Closing org.springframework.context.annotation.AnnotationConfigApplicationContext@ae13544: startup date [Thu Jul 06 18:34:44 EEST 2017]; root of context hierarchy
[INFO ] 2017-07-06 18:43:26.065 [main] Application - Application.main() start
[INFO ] 2017-07-06 18:43:28.176 [main] Application - Starting Application on DESKTOP-LG7TDCM with PID 8936 (C:\Users\user\git\StreetNamesNormalizator\target\classes started by user in C:\Users\user\git\StreetNamesNormalizator)
[INFO ] 2017-07-06 18:43:28.178 [main] Application - No active profile set, falling back to default profiles: default
[INFO ] 2017-07-06 18:43:28.588 [main] AnnotationConfigApplicationContext - Refreshing org.springframework.context.annotation.AnnotationConfigApplicationContext@ae13544: startup date [Thu Jul 06 18:43:28 EEST 2017]; root of context hierarchy
[INFO ] 2017-07-06 18:43:34.829 [main] MainFrame - initValues() - Frame title -НОРМАЛІЗАТОР ВУЛИЦЬ
[INFO ] 2017-07-06 18:43:35.682 [main] AnnotationMBeanExporter - Registering beans for JMX exposure on startup
[INFO ] 2017-07-06 18:43:35.778 [main] Runner - Runner.run start
[INFO ] 2017-07-06 18:43:35.789 [main] Runner - Runner.run start
[INFO ] 2017-07-06 18:43:35.797 [main] Application - Started Application in 8.952 seconds (JVM running for 15.771)
[INFO ] 2017-07-06 18:43:35.798 [main] Application - Application.main() exit
[INFO ] 2017-07-06 18:57:07.307 [Thread-5] AnnotationConfigApplicationContext - Closing org.springframework.context.annotation.AnnotationConfigApplicationContext@ae13544: startup date [Thu Jul 06 18:43:28 EEST 2017]; root of context hierarchy
[INFO ] 2017-07-06 21:49:06.559 [AWT-EventQueue-0] MainFrame - Opening Свод 4 22.03.17.xls
[INFO ] 2017-07-06 21:53:37.465 [AWT-EventQueue-0] MainFrame - Opening Свод 4 22.03.17.xls
[ERROR] 2017-07-06 21:53:37.495 [SwingWorker-pool-3-thread-1] MainFrame - SwingWorker.doInBackground
java.lang.NullPointerException: null
	at com.ehealth.ui.MainFrame$3.doInBackground(MainFrame.java:201) [classes/:?]
	at com.ehealth.ui.MainFrame$3.doInBackground(MainFrame.java:1) [classes/:?]
	at javax.swing.SwingWorker$1.call(Unknown Source) [?:1.8.0_111]
	at java.util.concurrent.FutureTask.run(Unknown Source) [?:1.8.0_111]
	at javax.swing.SwingWorker.run(Unknown Source) [?:1.8.0_111]
	at java.util.concurrent.ThreadPoolExecutor.runWorker(Unknown Source) [?:1.8.0_111]
	at java.util.concurrent.ThreadPoolExecutor$Worker.run(Unknown Source) [?:1.8.0_111]
	at java.lang.Thread.run(Unknown Source) [?:1.8.0_111]
[INFO ] 2017-07-06 21:57:52.140 [AWT-EventQueue-0] MainFrame - Opening Свод 4 22.03.17.xls
[INFO ] 2017-07-06 21:57:52.155 [SwingWorker-pool-3-thread-1] MainFrame - SwingWorker.doInBackground fileСвод 4 22.03.17.xls
[ERROR] 2017-07-06 21:57:52.156 [SwingWorker-pool-3-thread-1] MainFrame - SwingWorker.doInBackground
java.lang.NullPointerException: null
	at com.ehealth.ui.MainFrame$3.doInBackground(MainFrame.java:202) [classes/:?]
	at com.ehealth.ui.MainFrame$3.doInBackground(MainFrame.java:1) [classes/:?]
	at javax.swing.SwingWorker$1.call(Unknown Source) [?:1.8.0_111]
	at java.util.concurrent.FutureTask.run(Unknown Source) [?:1.8.0_111]
	at javax.swing.SwingWorker.run(Unknown Source) [?:1.8.0_111]
	at java.util.concurrent.ThreadPoolExecutor.runWorker(Unknown Source) [?:1.8.0_111]
	at java.util.concurrent.ThreadPoolExecutor$Worker.run(Unknown Source) [?:1.8.0_111]
	at java.lang.Thread.run(Unknown Source) [?:1.8.0_111]
[INFO ] 2017-07-06 23:34:17.241 [AWT-EventQueue-0] MainFrame - Opening Свод 4 22.03.17.xls
[INFO ] 2017-07-06 23:34:17.339 [SwingWorker-pool-3-thread-1] MainFrame - SwingWorker.doInBackground fileСвод 4 22.03.17.xls
[ERROR] 2017-07-06 23:34:17.340 [SwingWorker-pool-3-thread-1] MainFrame - SwingWorker.doInBackground
java.lang.NullPointerException: null
	at com.ehealth.ui.MainFrame$3.doInBackground(MainFrame.java:203) [classes/:?]
	at com.ehealth.ui.MainFrame$3.doInBackground(MainFrame.java:1) [classes/:?]
	at javax.swing.SwingWorker$1.call(Unknown Source) [?:1.8.0_111]
	at java.util.concurrent.FutureTask.run(Unknown Source) [?:1.8.0_111]
	at javax.swing.SwingWorker.run(Unknown Source) [?:1.8.0_111]
	at java.util.concurrent.ThreadPoolExecutor.runWorker(Unknown Source) [?:1.8.0_111]
	at java.util.concurrent.ThreadPoolExecutor$Worker.run(Unknown Source) [?:1.8.0_111]
	at java.lang.Thread.run(Unknown Source) [?:1.8.0_111]
[INFO ] 2017-07-06 23:38:22.095 [AWT-EventQueue-0] MainFrame - MainFrame ctor start
[INFO ] 2017-07-06 23:38:23.224 [AWT-EventQueue-0] MainFrame - MainFrame ctor end
[INFO ] 2017-07-06 23:54:17.125 [AWT-EventQueue-0] MainFrame - Opening Свод 4 22.03.17.xls
[INFO ] 2017-07-06 23:54:17.303 [SwingWorker-pool-3-thread-1] MainFrame - SwingWorker.doInBackground fileСвод 4 22.03.17.xls
[ERROR] 2017-07-06 23:54:17.304 [SwingWorker-pool-3-thread-1] MainFrame - SwingWorker.doInBackground
java.lang.NullPointerException: null
	at com.ehealth.ui.MainFrame$3.doInBackground(MainFrame.java:205) [classes/:?]
	at com.ehealth.ui.MainFrame$3.doInBackground(MainFrame.java:1) [classes/:?]
	at javax.swing.SwingWorker$1.call(Unknown Source) [?:1.8.0_111]
	at java.util.concurrent.FutureTask.run(Unknown Source) [?:1.8.0_111]
	at javax.swing.SwingWorker.run(Unknown Source) [?:1.8.0_111]
	at java.util.concurrent.ThreadPoolExecutor.runWorker(Unknown Source) [?:1.8.0_111]
	at java.util.concurrent.ThreadPoolExecutor$Worker.run(Unknown Source) [?:1.8.0_111]
	at java.lang.Thread.run(Unknown Source) [?:1.8.0_111]
[INFO ] 2017-07-06 23:57:46.200 [AWT-EventQueue-0] MainFrame - MainFrame ctor start
[INFO ] 2017-07-06 23:57:47.065 [AWT-EventQueue-0] MainFrame - MainFrame ctor end
[INFO ] 2017-07-06 23:57:47.067 [AWT-EventQueue-0] MainFrame - null
[INFO ] 2017-07-07 00:07:57.427 [AWT-EventQueue-0] AnnotationConfigApplicationContext - Refreshing org.springframework.context.annotation.AnnotationConfigApplicationContext@5f90bf8d: startup date [Fri Jul 07 00:07:57 EEST 2017]; root of context hierarchy
[INFO ] 2017-07-07 00:08:05.764 [AWT-EventQueue-0] MainFrame - MainFrame ctor start
[INFO ] 2017-07-07 00:08:10.741 [AWT-EventQueue-0] MainFrame - MainFrame ctor end
[INFO ] 2017-07-07 00:08:10.743 [AWT-EventQueue-0] MainFrame - null
[INFO ] 2017-07-07 00:08:11.280 [AWT-EventQueue-0] MainFrame - initValues() - Frame title -НОРМАЛІЗАТОР ВУЛИЦЬ
[INFO ] 2017-07-07 00:08:14.072 [AWT-EventQueue-0] AnnotationMBeanExporter - Registering beans for JMX exposure on startup
[INFO ] 2017-07-07 00:12:34.641 [AWT-EventQueue-0] AnnotationConfigApplicationContext - Refreshing org.springframework.context.annotation.AnnotationConfigApplicationContext@165da659: startup date [Fri Jul 07 00:12:34 EEST 2017]; root of context hierarchy
[INFO ] 2017-07-07 00:12:37.239 [AWT-EventQueue-0] MainFrame - MainFrame ctor start
[INFO ] 2017-07-07 00:12:38.879 [AWT-EventQueue-0] MainFrame - MainFrame ctor end
[INFO ] 2017-07-07 00:12:38.883 [AWT-EventQueue-0] MainFrame - null
[INFO ] 2017-07-07 00:12:39.373 [AWT-EventQueue-0] MainFrame - initValues() - Frame title -НОРМАЛІЗАТОР ВУЛИЦЬ
[INFO ] 2017-07-07 00:12:40.359 [AWT-EventQueue-0] AnnotationMBeanExporter - Registering beans for JMX exposure on startup
[INFO ] 2017-07-07 00:13:11.756 [AWT-EventQueue-0] MainFrame - Opening Свод 4 22.03.17.xls
[INFO ] 2017-07-07 00:13:11.779 [SwingWorker-pool-3-thread-1] MainFrame - SwingWorker.doInBackground fileСвод 4 22.03.17.xls
[INFO ] 2017-07-07 00:15:34.742 [AWT-EventQueue-0] AnnotationConfigApplicationContext - Refreshing org.springframework.context.annotation.AnnotationConfigApplicationContext@2075afbf: startup date [Fri Jul 07 00:15:34 EEST 2017]; root of context hierarchy
[INFO ] 2017-07-07 00:15:36.989 [AWT-EventQueue-0] MainFrame - MainFrame ctor start
[INFO ] 2017-07-07 00:15:38.137 [AWT-EventQueue-0] MainFrame - MainFrame ctor end
[INFO ] 2017-07-07 00:15:38.138 [AWT-EventQueue-0] MainFrame - null
[INFO ] 2017-07-07 00:15:38.440 [AWT-EventQueue-0] MainFrame - initValues() - Frame title -НОРМАЛІЗАТОР ВУЛИЦЬ
[INFO ] 2017-07-07 00:15:39.312 [AWT-EventQueue-0] AnnotationMBeanExporter - Registering beans for JMX exposure on startup
[INFO ] 2017-07-07 00:15:57.390 [AWT-EventQueue-0] MainFrame - Opening C:\Users\user\Downloads\Свод 4 22.03.17.xls
[INFO ] 2017-07-07 00:15:57.398 [SwingWorker-pool-3-thread-1] MainFrame - SwingWorker.doInBackground fileC:\Users\user\Downloads\Свод 4 22.03.17.xls
[INFO ] 2017-07-07 00:16:14.744 [SwingWorker-pool-3-thread-1] OkHttpRequestHandler - Request: https://maps.googleapis.com/maps/api/geocode/json?key=AIzaSyAfSGUAZLPORv9x8bHrMB14mu6qhhWr0co&address=%D0%97%D0%B0%D0%BF%D0%BE%D1%80%D1%96%D0%B7%D1%8C%D0%BA%D0%B0+%D0%BE%D0%B1%D0%BB%D0%B0%D1%81%D1%82%D1%8C%2C+%D0%9F%D1%80%D0%B8%D0%BC%D0%BE%D1%80%D1%81%D1%8C%D0%BA%D0%B8%D0%B9+%D1%80%D0%B0%D0%B9%D0%BE%D0%BD+%D0%9F%D1%80%D0%B8%D0%BC%D0%BE%D1%80%D1%81%D1%8C%D0%BA%2C+%D0%B2%D1%83%D0%BB%D0%B8%D1%86%D1%8F+%D0%94%D1%80%D1%83%D0%B6%D0%B1%D0%B8%2C+72100&language=Uk
[INFO ] 2017-07-07 00:16:28.767 [SwingWorker-pool-3-thread-1] OkHttpRequestHandler - Request: https://maps.googleapis.com/maps/api/geocode/json?key=AIzaSyAfSGUAZLPORv9x8bHrMB14mu6qhhWr0co&address=%D0%97%D0%B0%D0%BF%D0%BE%D1%80%D1%96%D0%B7%D1%8C%D0%BA%D0%B0+%D0%BE%D0%B1%D0%BB%D0%B0%D1%81%D1%82%D1%8C%2C+%D0%9F%D1%80%D0%B8%D0%BC%D0%BE%D1%80%D1%81%D1%8C%D0%BA%D0%B8%D0%B9+%D1%80%D0%B0%D0%B9%D0%BE%D0%BD+%D0%9F%D1%80%D0%B8%D0%BC%D0%BE%D1%80%D1%81%D1%8C%D0%BA%2C+%D0%B2%D1%83%D0%BB%D0%B8%D1%86%D1%8F+%D0%93%D0%B0%D0%B3%D0%B0%D1%80%D1%96%D0%BD%D0%B0%2C+72100&language=Uk
[INFO ] 2017-07-07 00:16:29.519 [SwingWorker-pool-3-thread-1] OkHttpRequestHandler - Request: https://maps.googleapis.com/maps/api/geocode/json?key=AIzaSyAfSGUAZLPORv9x8bHrMB14mu6qhhWr0co&address=%D0%97%D0%B0%D0%BF%D0%BE%D1%80%D1%96%D0%B7%D1%8C%D0%BA%D0%B0+%D0%BE%D0%B1%D0%BB%D0%B0%D1%81%D1%82%D1%8C%2C+%D0%9F%D1%80%D0%B8%D0%BC%D0%BE%D1%80%D1%81%D1%8C%D0%BA%D0%B8%D0%B9+%D1%80%D0%B0%D0%B9%D0%BE%D0%BD+%D0%9F%D1%80%D0%B8%D0%BC%D0%BE%D1%80%D1%81%D1%8C%D0%BA%2C+%D0%B2%D1%83%D0%BB%D0%B8%D1%86%D1%8F+%D0%92%D1%96%D0%BD%D0%BE%D0%B3%D1%80%D0%B0%D0%B4%D0%BD%D0%B0%2C+72100&language=Uk
[INFO ] 2017-07-07 00:16:30.594 [SwingWorker-pool-3-thread-1] OkHttpRequestHandler - Request: https://maps.googleapis.com/maps/api/geocode/json?key=AIzaSyAfSGUAZLPORv9x8bHrMB14mu6qhhWr0co&address=%D0%97%D0%B0%D0%BF%D0%BE%D1%80%D1%96%D0%B7%D1%8C%D0%BA%D0%B0+%D0%BE%D0%B1%D0%BB%D0%B0%D1%81%D1%82%D1%8C%2C+%D0%9F%D1%80%D0%B8%D0%BC%D0%BE%D1%80%D1%81%D1%8C%D0%BA%D0%B8%D0%B9+%D1%80%D0%B0%D0%B9%D0%BE%D0%BD+%D0%9F%D1%80%D0%B8%D0%BC%D0%BE%D1%80%D1%81%D1%8C%D0%BA%2C+%D0%B2%D1%83%D0%BB%D0%B8%D1%86%D1%8F+%D0%AF%D0%B1%D0%BB%D1%83%D0%BD%D0%B5%D0%B2%D0%B0%2C+72100&language=Uk
[INFO ] 2017-07-07 00:16:31.146 [SwingWorker-pool-3-thread-1] OkHttpRequestHandler - Request: https://maps.googleapis.com/maps/api/geocode/json?key=AIzaSyAfSGUAZLPORv9x8bHrMB14mu6qhhWr0co&address=%D0%97%D0%B0%D0%BF%D0%BE%D1%80%D1%96%D0%B7%D1%8C%D0%BA%D0%B0+%D0%BE%D0%B1%D0%BB%D0%B0%D1%81%D1%82%D1%8C%2C+%D0%9F%D1%80%D0%B8%D0%BC%D0%BE%D1%80%D1%81%D1%8C%D0%BA%D0%B8%D0%B9+%D1%80%D0%B0%D0%B9%D0%BE%D0%BD+%D0%9F%D1%80%D0%B8%D0%BC%D0%BE%D1%80%D1%81%D1%8C%D0%BA%2C+%D0%B2%D1%83%D0%BB%D0%B8%D1%86%D1%8F+%D0%9A%D0%BE%D0%BC%D0%B0%D1%80%D0%BE%D0%B2%D0%B0%2C+72100&language=Uk
[INFO ] 2017-07-07 00:16:31.676 [SwingWorker-pool-3-thread-1] OkHttpRequestHandler - Request: https://maps.googleapis.com/maps/api/geocode/json?key=AIzaSyAfSGUAZLPORv9x8bHrMB14mu6qhhWr0co&address=%D0%97%D0%B0%D0%BF%D0%BE%D1%80%D1%96%D0%B7%D1%8C%D0%BA%D0%B0+%D0%BE%D0%B1%D0%BB%D0%B0%D1%81%D1%82%D1%8C%2C+%D0%9F%D1%80%D0%B8%D0%BC%D0%BE%D1%80%D1%81%D1%8C%D0%BA%D0%B8%D0%B9+%D1%80%D0%B0%D0%B9%D0%BE%D0%BD+%D0%9F%D1%80%D0%B8%D0%BC%D0%BE%D1%80%D1%81%D1%8C%D0%BA%2C+%D0%B2%D1%83%D0%BB%D0%B8%D1%86%D1%8F+%D0%9A%D1%80%D0%B8%D0%BB%D0%BE%D0%B2%D0%B0%2C+72100&language=Uk
[INFO ] 2017-07-07 00:16:32.266 [SwingWorker-pool-3-thread-1] OkHttpRequestHandler - Request: https://maps.googleapis.com/maps/api/geocode/json?key=AIzaSyAfSGUAZLPORv9x8bHrMB14mu6qhhWr0co&address=%D0%97%D0%B0%D0%BF%D0%BE%D1%80%D1%96%D0%B7%D1%8C%D0%BA%D0%B0+%D0%BE%D0%B1%D0%BB%D0%B0%D1%81%D1%82%D1%8C%2C+%D0%9F%D1%80%D0%B8%D0%BC%D0%BE%D1%80%D1%81%D1%8C%D0%BA%D0%B8%D0%B9+%D1%80%D0%B0%D0%B9%D0%BE%D0%BD+%D0%9F%D1%80%D0%B8%D0%BC%D0%BE%D1%80%D1%81%D1%8C%D0%BA%2C+%D0%B2%D1%83%D0%BB%D0%B8%D1%86%D1%8F+%D0%9B%D1%96%D0%BF%D1%87%D0%B5%D0%BD%D0%BA%D0%BE%2C+72100&language=Uk
[INFO ] 2017-07-07 00:16:32.929 [SwingWorker-pool-3-thread-1] OkHttpRequestHandler - Request: https://maps.googleapis.com/maps/api/geocode/json?key=AIzaSyAfSGUAZLPORv9x8bHrMB14mu6qhhWr0co&address=%D0%97%D0%B0%D0%BF%D0%BE%D1%80%D1%96%D0%B7%D1%8C%D0%BA%D0%B0+%D0%BE%D0%B1%D0%BB%D0%B0%D1%81%D1%82%D1%8C%2C+%D0%9F%D1%80%D0%B8%D0%BC%D0%BE%D1%80%D1%81%D1%8C%D0%BA%D0%B8%D0%B9+%D1%80%D0%B0%D0%B9%D0%BE%D0%BD+%D0%9F%D1%80%D0%B8%D0%BC%D0%BE%D1%80%D1%81%D1%8C%D0%BA%2C+%D0%B2%D1%83%D0%BB%D0%B8%D1%86%D1%8F+%D0%9C%D0%B5%D0%BB%D1%96%D1%82%D0%BE%D0%BF%D0%BE%D0%BB%D1%8C%D1%81%D1%8C%D0%BA%D0%B5+%D1%88%D0%BE%D1%81%D0%B5%2C+72100&language=Uk
[INFO ] 2017-07-07 00:16:33.602 [SwingWorker-pool-3-thread-1] OkHttpRequestHandler - Request: https://maps.googleapis.com/maps/api/geocode/json?key=AIzaSyAfSGUAZLPORv9x8bHrMB14mu6qhhWr0co&address=%D0%97%D0%B0%D0%BF%D0%BE%D1%80%D1%96%D0%B7%D1%8C%D0%BA%D0%B0+%D0%BE%D0%B1%D0%BB%D0%B0%D1%81%D1%82%D1%8C%2C+%D0%9F%D1%80%D0%B8%D0%BC%D0%BE%D1%80%D1%81%D1%8C%D0%BA%D0%B8%D0%B9+%D1%80%D0%B0%D0%B9%D0%BE%D0%BD+%D0%9F%D1%80%D0%B8%D0%BC%D0%BE%D1%80%D1%81%D1%8C%D0%BA%2C+%D0%B2%D1%83%D0%BB%D0%B8%D1%86%D1%8F+%D0%A6%D0%B5%D0%BD%D1%82%D1%80%D0%B0%D0%BB%D1%8C%D0%BD%D0%B0%2C+72100&language=Uk
[INFO ] 2017-07-07 00:16:34.192 [SwingWorker-pool-3-thread-1] OkHttpRequestHandler - Request: https://maps.googleapis.com/maps/api/geocode/json?key=AIzaSyAfSGUAZLPORv9x8bHrMB14mu6qhhWr0co&address=%D0%97%D0%B0%D0%BF%D0%BE%D1%80%D1%96%D0%B7%D1%8C%D0%BA%D0%B0+%D0%BE%D0%B1%D0%BB%D0%B0%D1%81%D1%82%D1%8C%2C+%D0%9F%D1%80%D0%B8%D0%BC%D0%BE%D1%80%D1%81%D1%8C%D0%BA%D0%B8%D0%B9+%D1%80%D0%B0%D0%B9%D0%BE%D0%BD+%D0%9F%D1%80%D0%B8%D0%BC%D0%BE%D1%80%D1%81%D1%8C%D0%BA%2C+%D0%B2%D1%83%D0%BB%D0%B8%D1%86%D1%8F+%D0%A1%D0%BB%D0%BE%D0%B2%60%D1%8F%D0%BD%D1%81%D1%8C%D0%BA%D0%B0%2C+72100&language=Uk
[INFO ] 2017-07-07 00:16:34.849 [SwingWorker-pool-3-thread-1] OkHttpRequestHandler - Request: https://maps.googleapis.com/maps/api/geocode/json?key=AIzaSyAfSGUAZLPORv9x8bHrMB14mu6qhhWr0co&address=%D0%97%D0%B0%D0%BF%D0%BE%D1%80%D1%96%D0%B7%D1%8C%D0%BA%D0%B0+%D0%BE%D0%B1%D0%BB%D0%B0%D1%81%D1%82%D1%8C%2C+%D0%9F%D1%80%D0%B8%D0%BC%D0%BE%D1%80%D1%81%D1%8C%D0%BA%D0%B8%D0%B9+%D1%80%D0%B0%D0%B9%D0%BE%D0%BD+%D0%9F%D1%80%D0%B8%D0%BC%D0%BE%D1%80%D1%81%D1%8C%D0%BA%2C+%D0%B2%D1%83%D0%BB%D0%B8%D1%86%D1%8F+%D0%97%D0%B0%D1%82%D0%B8%D1%88%D0%BD%D0%B0%2C+72100&language=Uk
[INFO ] 2017-07-07 00:16:35.478 [SwingWorker-pool-3-thread-1] OkHttpRequestHandler - Request: https://maps.googleapis.com/maps/api/geocode/json?key=AIzaSyAfSGUAZLPORv9x8bHrMB14mu6qhhWr0co&address=%D0%97%D0%B0%D0%BF%D0%BE%D1%80%D1%96%D0%B7%D1%8C%D0%BA%D0%B0+%D0%BE%D0%B1%D0%BB%D0%B0%D1%81%D1%82%D1%8C%2C+%D0%9F%D1%80%D0%B8%D0%BC%D0%BE%D1%80%D1%81%D1%8C%D0%BA%D0%B8%D0%B9+%D1%80%D0%B0%D0%B9%D0%BE%D0%BD+%D0%9F%D1%80%D0%B8%D0%BC%D0%BE%D1%80%D1%81%D1%8C%D0%BA%2C+%D0%B2%D1%83%D0%BB%D0%B8%D1%86%D1%8F+%D0%9F%D1%80%D0%B8%D0%BC%D0%B0%D0%BA%D0%BE%D0%B2%D0%B0%2C+72100&language=Uk
[INFO ] 2017-07-07 00:16:36.032 [SwingWorker-pool-3-thread-1] OkHttpRequestHandler - Request: https://maps.googleapis.com/maps/api/geocode/json?key=AIzaSyAfSGUAZLPORv9x8bHrMB14mu6qhhWr0co&address=%D0%97%D0%B0%D0%BF%D0%BE%D1%80%D1%96%D0%B7%D1%8C%D0%BA%D0%B0+%D0%BE%D0%B1%D0%BB%D0%B0%D1%81%D1%82%D1%8C%2C+%D0%9F%D1%80%D0%B8%D0%BC%D0%BE%D1%80%D1%81%D1%8C%D0%BA%D0%B8%D0%B9+%D1%80%D0%B0%D0%B9%D0%BE%D0%BD+%D0%9F%D1%80%D0%B8%D0%BC%D0%BE%D1%80%D1%81%D1%8C%D0%BA%2C+%D0%B2%D1%83%D0%BB%D0%B8%D1%86%D1%8F+%D0%A3%D0%BA%D1%80%D0%B0%D0%B8%D0%BD%D1%81%D0%BA%D0%B0%D1%8F%2C+72100&language=Uk
[INFO ] 2017-07-07 00:16:36.750 [SwingWorker-pool-3-thread-1] OkHttpRequestHandler - Request: https://maps.googleapis.com/maps/api/geocode/json?key=AIzaSyAfSGUAZLPORv9x8bHrMB14mu6qhhWr0co&address=%D0%97%D0%B0%D0%BF%D0%BE%D1%80%D1%96%D0%B7%D1%8C%D0%BA%D0%B0+%D0%BE%D0%B1%D0%BB%D0%B0%D1%81%D1%82%D1%8C%2C+%D0%9F%D1%80%D0%B8%D0%BC%D0%BE%D1%80%D1%81%D1%8C%D0%BA%D0%B8%D0%B9+%D1%80%D0%B0%D0%B9%D0%BE%D0%BD+%D0%9F%D1%80%D0%B8%D0%BC%D0%BE%D1%80%D1%81%D1%8C%D0%BA%2C+%D0%B2%D1%83%D0%BB%D0%B8%D1%86%D1%8F+%D0%9C%D0%BE%D1%80%D1%81%D1%8C%D0%BA%D0%B0%2C+72100&language=Uk
[INFO ] 2017-07-07 00:16:37.290 [SwingWorker-pool-3-thread-1] OkHttpRequestHandler - Request: https://maps.googleapis.com/maps/api/geocode/json?key=AIzaSyAfSGUAZLPORv9x8bHrMB14mu6qhhWr0co&address=%D0%97%D0%B0%D0%BF%D0%BE%D1%80%D1%96%D0%B7%D1%8C%D0%BA%D0%B0+%D0%BE%D0%B1%D0%BB%D0%B0%D1%81%D1%82%D1%8C%2C+%D0%9F%D1%80%D0%B8%D0%BC%D0%BE%D1%80%D1%81%D1%8C%D0%BA%D0%B8%D0%B9+%D1%80%D0%B0%D0%B9%D0%BE%D0%BD+%D0%9F%D1%80%D0%B8%D0%BC%D0%BE%D1%80%D1%81%D1%8C%D0%BA%2C+%D0%B2%D1%83%D0%BB%D0%B8%D1%86%D1%8F+%D0%9D%D0%B5%D0%BA%D1%80%D0%B0%D1%81%D0%BE%D0%B2%D0%B0%2C+72100&language=Uk
[INFO ] 2017-07-07 00:16:37.895 [SwingWorker-pool-3-thread-1] OkHttpRequestHandler - Request: https://maps.googleapis.com/maps/api/geocode/json?key=AIzaSyAfSGUAZLPORv9x8bHrMB14mu6qhhWr0co&address=%D0%97%D0%B0%D0%BF%D0%BE%D1%80%D1%96%D0%B7%D1%8C%D0%BA%D0%B0+%D0%BE%D0%B1%D0%BB%D0%B0%D1%81%D1%82%D1%8C%2C+%D0%9F%D1%80%D0%B8%D0%BC%D0%BE%D1%80%D1%81%D1%8C%D0%BA%D0%B8%D0%B9+%D1%80%D0%B0%D0%B9%D0%BE%D0%BD+%D0%9F%D1%80%D0%B8%D0%BC%D0%BE%D1%80%D1%81%D1%8C%D0%BA%2C+%D0%B2%D1%83%D0%BB%D0%B8%D1%86%D1%8F+%D0%90%D0%B1%D1%80%D0%B8%D0%BA%D0%BE%D1%81%D0%BE%D0%B2%D0%B0%2C+72100&language=Uk
[INFO ] 2017-07-07 00:16:38.541 [SwingWorker-pool-3-thread-1] OkHttpRequestHandler - Request: https://maps.googleapis.com/maps/api/geocode/json?key=AIzaSyAfSGUAZLPORv9x8bHrMB14mu6qhhWr0co&address=%D0%97%D0%B0%D0%BF%D0%BE%D1%80%D1%96%D0%B7%D1%8C%D0%BA%D0%B0+%D0%BE%D0%B1%D0%BB%D0%B0%D1%81%D1%82%D1%8C%2C+%D0%9F%D1%80%D0%B8%D0%BC%D0%BE%D1%80%D1%81%D1%8C%D0%BA%D0%B8%D0%B9+%D1%80%D0%B0%D0%B9%D0%BE%D0%BD+%D0%9F%D1%80%D0%B8%D0%BC%D0%BE%D1%80%D1%81%D1%8C%D0%BA%2C+%D0%B2%D1%83%D0%BB%D0%B8%D1%86%D1%8F+%D0%97%D0%B5%D0%BB%D0%B5%D0%BD%D0%B0%2C+72100&language=Uk
[INFO ] 2017-07-07 00:16:39.075 [SwingWorker-pool-3-thread-1] OkHttpRequestHandler - Request: https://maps.googleapis.com/maps/api/geocode/json?key=AIzaSyAfSGUAZLPORv9x8bHrMB14mu6qhhWr0co&address=%D0%97%D0%B0%D0%BF%D0%BE%D1%80%D1%96%D0%B7%D1%8C%D0%BA%D0%B0+%D0%BE%D0%B1%D0%BB%D0%B0%D1%81%D1%82%D1%8C%2C+%D0%9F%D1%80%D0%B8%D0%BC%D0%BE%D1%80%D1%81%D1%8C%D0%BA%D0%B8%D0%B9+%D1%80%D0%B0%D0%B9%D0%BE%D0%BD+%D0%9F%D1%80%D0%B8%D0%BC%D0%BE%D1%80%D1%81%D1%8C%D0%BA%2C+%D0%BF%D1%80%D0%BE%D0%B2%D1%83%D0%BB%D0%BE%D0%BA+%D0%9D%D0%BE%D0%B3%D0%B0%D0%B9%D1%81%D1%8C%D0%BA%D0%B8%D0%B9%2C+72100&language=Uk
[INFO ] 2017-07-07 00:16:39.671 [SwingWorker-pool-3-thread-1] OkHttpRequestHandler - Request: https://maps.googleapis.com/maps/api/geocode/json?key=AIzaSyAfSGUAZLPORv9x8bHrMB14mu6qhhWr0co&address=%D0%97%D0%B0%D0%BF%D0%BE%D1%80%D1%96%D0%B7%D1%8C%D0%BA%D0%B0+%D0%BE%D0%B1%D0%BB%D0%B0%D1%81%D1%82%D1%8C%2C+%D0%9F%D1%80%D0%B8%D0%BC%D0%BE%D1%80%D1%81%D1%8C%D0%BA%D0%B8%D0%B9+%D1%80%D0%B0%D0%B9%D0%BE%D0%BD+%D0%9F%D1%80%D0%B8%D0%BC%D0%BE%D1%80%D1%81%D1%8C%D0%BA%2C+%D0%BF%D1%80%D0%BE%D0%B2%D1%83%D0%BB%D0%BE%D0%BA+%D0%9D%D0%BE%D0%B2%D0%B8%D0%B9%2C+72100&language=Uk
[INFO ] 2017-07-07 00:16:40.140 [SwingWorker-pool-3-thread-1] OkHttpRequestHandler - Request: https://maps.googleapis.com/maps/api/geocode/json?key=AIzaSyAfSGUAZLPORv9x8bHrMB14mu6qhhWr0co&address=%D0%97%D0%B0%D0%BF%D0%BE%D1%80%D1%96%D0%B7%D1%8C%D0%BA%D0%B0+%D0%BE%D0%B1%D0%BB%D0%B0%D1%81%D1%82%D1%8C%2C+%D0%9F%D1%80%D0%B8%D0%BC%D0%BE%D1%80%D1%81%D1%8C%D0%BA%D0%B8%D0%B9+%D1%80%D0%B0%D0%B9%D0%BE%D0%BD+%D0%9F%D1%80%D0%B8%D0%BC%D0%BE%D1%80%D1%81%D1%8C%D0%BA%2C+%D0%B2%D1%83%D0%BB%D0%B8%D1%86%D1%8F+%D0%A1%D0%BE%D0%B1%D0%BE%D1%80%D0%BD%D0%B0%2C+72100&language=Uk
[INFO ] 2017-07-07 00:16:40.653 [SwingWorker-pool-3-thread-1] OkHttpRequestHandler - Request: https://maps.googleapis.com/maps/api/geocode/json?key=AIzaSyAfSGUAZLPORv9x8bHrMB14mu6qhhWr0co&address=%D0%97%D0%B0%D0%BF%D0%BE%D1%80%D1%96%D0%B7%D1%8C%D0%BA%D0%B0+%D0%BE%D0%B1%D0%BB%D0%B0%D1%81%D1%82%D1%8C%2C+%D0%9F%D1%80%D0%B8%D0%BC%D0%BE%D1%80%D1%81%D1%8C%D0%BA%D0%B8%D0%B9+%D1%80%D0%B0%D0%B9%D0%BE%D0%BD+%D0%9F%D1%80%D0%B8%D0%BC%D0%BE%D1%80%D1%81%D1%8C%D0%BA%2C+%D0%B2%D1%83%D0%BB%D0%B8%D1%86%D1%8F+%D0%9F%D0%B0%D1%80%D0%BA%D0%BE%D0%B2%D0%B0%2C+72100&language=Uk
[INFO ] 2017-07-07 00:16:41.174 [SwingWorker-pool-3-thread-1] OkHttpRequestHandler - Request: https://maps.googleapis.com/maps/api/geocode/json?key=AIzaSyAfSGUAZLPORv9x8bHrMB14mu6qhhWr0co&address=%D0%97%D0%B0%D0%BF%D0%BE%D1%80%D1%96%D0%B7%D1%8C%D0%BA%D0%B0+%D0%BE%D0%B1%D0%BB%D0%B0%D1%81%D1%82%D1%8C%2C+%D0%9F%D1%80%D0%B8%D0%BC%D0%BE%D1%80%D1%81%D1%8C%D0%BA%D0%B8%D0%B9+%D1%80%D0%B0%D0%B9%D0%BE%D0%BD+%D0%9F%D1%80%D0%B8%D0%BC%D0%BE%D1%80%D1%81%D1%8C%D0%BA%2C+%D0%B2%D1%83%D0%BB%D0%B8%D1%86%D1%8F+%D0%91%D0%B0%D0%BD%D0%BA%D0%BE%D0%B2%D0%B0%2C+72100&language=Uk
[INFO ] 2017-07-07 00:16:41.746 [SwingWorker-pool-3-thread-1] OkHttpRequestHandler - Request: https://maps.googleapis.com/maps/api/geocode/json?key=AIzaSyAfSGUAZLPORv9x8bHrMB14mu6qhhWr0co&address=%D0%97%D0%B0%D0%BF%D0%BE%D1%80%D1%96%D0%B7%D1%8C%D0%BA%D0%B0+%D0%BE%D0%B1%D0%BB%D0%B0%D1%81%D1%82%D1%8C%2C+%D0%9F%D1%80%D0%B8%D0%BC%D0%BE%D1%80%D1%81%D1%8C%D0%BA%D0%B8%D0%B9+%D1%80%D0%B0%D0%B9%D0%BE%D0%BD+%D0%9F%D1%80%D0%B8%D0%BC%D0%BE%D1%80%D1%81%D1%8C%D0%BA%2C+%D0%B2%D1%83%D0%BB%D0%B8%D1%86%D1%8F+%D0%9C%D0%B8%D1%80%D1%83%2C+72100&language=Uk
[INFO ] 2017-07-07 00:16:42.348 [SwingWorker-pool-3-thread-1] OkHttpRequestHandler - Request: https://maps.googleapis.com/maps/api/geocode/json?key=AIzaSyAfSGUAZLPORv9x8bHrMB14mu6qhhWr0co&address=%D0%97%D0%B0%D0%BF%D0%BE%D1%80%D1%96%D0%B7%D1%8C%D0%BA%D0%B0+%D0%BE%D0%B1%D0%BB%D0%B0%D1%81%D1%82%D1%8C%2C+%D0%9F%D1%80%D0%B8%D0%BC%D0%BE%D1%80%D1%81%D1%8C%D0%BA%D0%B8%D0%B9+%D1%80%D0%B0%D0%B9%D0%BE%D0%BD+%D0%9F%D1%80%D0%B8%D0%BC%D0%BE%D1%80%D1%81%D1%8C%D0%BA%2C+%D0%B2%D1%83%D0%BB%D0%B8%D1%86%D1%8F+%D0%9C%D0%B0%D1%8F%D0%BA%D0%BE%D0%B2%D1%81%D1%8C%D0%BA%D0%BE%D0%B3%D0%BE%2C+72100&language=Uk
[INFO ] 2017-07-07 00:16:43.357 [SwingWorker-pool-3-thread-1] OkHttpRequestHandler - Request: https://maps.googleapis.com/maps/api/geocode/json?key=AIzaSyAfSGUAZLPORv9x8bHrMB14mu6qhhWr0co&address=%D0%97%D0%B0%D0%BF%D0%BE%D1%80%D1%96%D0%B7%D1%8C%D0%BA%D0%B0+%D0%BE%D0%B1%D0%BB%D0%B0%D1%81%D1%82%D1%8C%2C+%D0%9F%D1%80%D0%B8%D0%BC%D0%BE%D1%80%D1%81%D1%8C%D0%BA%D0%B8%D0%B9+%D1%80%D0%B0%D0%B9%D0%BE%D0%BD+%D0%9F%D1%80%D0%B8%D0%BC%D0%BE%D1%80%D1%81%D1%8C%D0%BA%2C+%D0%B2%D1%83%D0%BB%D0%B8%D1%86%D1%8F+30+%D1%80%D0%BE%D0%BA%D1%96%D0%B2+%D0%9F%D0%B5%D1%80%D0%B5%D0%BC%D0%BE%D0%B3%D0%B8%2C+72100&language=Uk
[INFO ] 2017-07-07 00:16:43.827 [SwingWorker-pool-3-thread-1] OkHttpRequestHandler - Request: https://maps.googleapis.com/maps/api/geocode/json?key=AIzaSyAfSGUAZLPORv9x8bHrMB14mu6qhhWr0co&address=%D0%97%D0%B0%D0%BF%D0%BE%D1%80%D1%96%D0%B7%D1%8C%D0%BA%D0%B0+%D0%BE%D0%B1%D0%BB%D0%B0%D1%81%D1%82%D1%8C%2C+%D0%9F%D1%80%D0%B8%D0%BC%D0%BE%D1%80%D1%81%D1%8C%D0%BA%D0%B8%D0%B9+%D1%80%D0%B0%D0%B9%D0%BE%D0%BD+%D0%9F%D1%80%D0%B8%D0%BC%D0%BE%D1%80%D1%81%D1%8C%D0%BA%2C+%D0%B2%D1%83%D0%BB%D0%B8%D1%86%D1%8F+%D0%A8%D0%BC%D1%96%D0%B4%D1%82%D0%B0%2C+72100&language=Uk
[INFO ] 2017-07-07 00:16:44.374 [SwingWorker-pool-3-thread-1] OkHttpRequestHandler - Request: https://maps.googleapis.com/maps/api/geocode/json?key=AIzaSyAfSGUAZLPORv9x8bHrMB14mu6qhhWr0co&address=%D0%97%D0%B0%D0%BF%D0%BE%D1%80%D1%96%D0%B7%D1%8C%D0%BA%D0%B0+%D0%BE%D0%B1%D0%BB%D0%B0%D1%81%D1%82%D1%8C%2C+%D0%9F%D1%80%D0%B8%D0%BC%D0%BE%D1%80%D1%81%D1%8C%D0%BA%D0%B8%D0%B9+%D1%80%D0%B0%D0%B9%D0%BE%D0%BD+%D0%9F%D1%80%D0%B8%D0%BC%D0%BE%D1%80%D1%81%D1%8C%D0%BA%2C+%D0%B2%D1%83%D0%BB%D0%B8%D1%86%D1%8F+%D0%9E%D1%81%D0%B8%D0%BF%D0%B5%D0%BD%D0%BA%D0%BE%2C+72100&language=Uk
[INFO ] 2017-07-07 00:16:45.444 [SwingWorker-pool-3-thread-1] OkHttpRequestHandler - Request: https://maps.googleapis.com/maps/api/geocode/json?key=AIzaSyAfSGUAZLPORv9x8bHrMB14mu6qhhWr0co&address=%D0%97%D0%B0%D0%BF%D0%BE%D1%80%D1%96%D0%B7%D1%8C%D0%BA%D0%B0+%D0%BE%D0%B1%D0%BB%D0%B0%D1%81%D1%82%D1%8C%2C+%D0%9F%D1%80%D0%B8%D0%BC%D0%BE%D1%80%D1%81%D1%8C%D0%BA%D0%B8%D0%B9+%D1%80%D0%B0%D0%B9%D0%BE%D0%BD+%D0%9F%D1%80%D0%B8%D0%BC%D0%BE%D1%80%D1%81%D1%8C%D0%BA%2C+%D0%B2%D1%83%D0%BB%D0%B8%D1%86%D1%8F+%D0%92%D0%B5%D1%80%D0%B5%D1%81%D0%BD%D0%B5%D0%B2%D0%B0%2C+72100&language=Uk
[INFO ] 2017-07-07 00:16:45.980 [SwingWorker-pool-3-thread-1] OkHttpRequestHandler - Request: https://maps.googleapis.com/maps/api/geocode/json?key=AIzaSyAfSGUAZLPORv9x8bHrMB14mu6qhhWr0co&address=%D0%97%D0%B0%D0%BF%D0%BE%D1%80%D1%96%D0%B7%D1%8C%D0%BA%D0%B0+%D0%BE%D0%B1%D0%BB%D0%B0%D1%81%D1%82%D1%8C%2C+%D0%9F%D1%80%D0%B8%D0%BC%D0%BE%D1%80%D1%81%D1%8C%D0%BA%D0%B8%D0%B9+%D1%80%D0%B0%D0%B9%D0%BE%D0%BD+%D0%9F%D1%80%D0%B8%D0%BC%D0%BE%D1%80%D1%81%D1%8C%D0%BA%2C+%D0%B2%D1%83%D0%BB%D0%B8%D1%86%D1%8F+%D0%A2%D0%B0%D0%B2%D1%80%D1%96%D0%B9%D1%81%D1%8C%D0%BA%D0%B0%2C+72100&language=Uk
[INFO ] 2017-07-07 00:16:46.546 [SwingWorker-pool-3-thread-1] OkHttpRequestHandler - Request: https://maps.googleapis.com/maps/api/geocode/json?key=AIzaSyAfSGUAZLPORv9x8bHrMB14mu6qhhWr0co&address=%D0%97%D0%B0%D0%BF%D0%BE%D1%80%D1%96%D0%B7%D1%8C%D0%BA%D0%B0+%D0%BE%D0%B1%D0%BB%D0%B0%D1%81%D1%82%D1%8C%2C+%D0%9F%D1%80%D0%B8%D0%BC%D0%BE%D1%80%D1%81%D1%8C%D0%BA%D0%B8%D0%B9+%D1%80%D0%B0%D0%B9%D0%BE%D0%BD+%D0%9F%D1%80%D0%B8%D0%BC%D0%BE%D1%80%D1%81%D1%8C%D0%BA%2C+%D0%B2%D1%83%D0%BB%D0%B8%D1%86%D1%8F+%D0%9D%D0%BE%D0%B2%D0%B8%D1%86%D1%8C%D0%BA%D0%BE%D0%B3%D0%BE%2C+72100&language=Uk
[INFO ] 2017-07-07 00:16:47.248 [SwingWorker-pool-3-thread-1] OkHttpRequestHandler - Request: https://maps.googleapis.com/maps/api/geocode/json?key=AIzaSyAfSGUAZLPORv9x8bHrMB14mu6qhhWr0co&address=%D0%97%D0%B0%D0%BF%D0%BE%D1%80%D1%96%D0%B7%D1%8C%D0%BA%D0%B0+%D0%BE%D0%B1%D0%BB%D0%B0%D1%81%D1%82%D1%8C%2C+%D0%9F%D1%80%D0%B8%D0%BC%D0%BE%D1%80%D1%81%D1%8C%D0%BA%D0%B8%D0%B9+%D1%80%D0%B0%D0%B9%D0%BE%D0%BD+%D0%9F%D1%80%D0%B8%D0%BC%D0%BE%D1%80%D1%81%D1%8C%D0%BA%2C+%D0%B2%D1%83%D0%BB%D0%B8%D1%86%D1%8F+%D0%9F%D0%BE%D1%88%D1%82%D0%BE%D0%B2%D0%B0%2C+72100&language=Uk
[INFO ] 2017-07-07 00:16:47.776 [SwingWorker-pool-3-thread-1] OkHttpRequestHandler - Request: https://maps.googleapis.com/maps/api/geocode/json?key=AIzaSyAfSGUAZLPORv9x8bHrMB14mu6qhhWr0co&address=%D0%97%D0%B0%D0%BF%D0%BE%D1%80%D1%96%D0%B7%D1%8C%D0%BA%D0%B0+%D0%BE%D0%B1%D0%BB%D0%B0%D1%81%D1%82%D1%8C%2C+%D0%9F%D1%80%D0%B8%D0%BC%D0%BE%D1%80%D1%81%D1%8C%D0%BA%D0%B8%D0%B9+%D1%80%D0%B0%D0%B9%D0%BE%D0%BD+%D0%9F%D1%80%D0%B8%D0%BC%D0%BE%D1%80%D1%81%D1%8C%D0%BA%2C+%D0%B2%D1%83%D0%BB%D0%B8%D1%86%D1%8F+%D0%97%D0%B0%D0%B2%D0%BE%D0%B4%D1%81%D1%8C%D0%BA%D0%B0%2C+72100&language=Uk
[INFO ] 2017-07-07 00:16:48.384 [SwingWorker-pool-3-thread-1] OkHttpRequestHandler - Request: https://maps.googleapis.com/maps/api/geocode/json?key=AIzaSyAfSGUAZLPORv9x8bHrMB14mu6qhhWr0co&address=%D0%97%D0%B0%D0%BF%D0%BE%D1%80%D1%96%D0%B7%D1%8C%D0%BA%D0%B0+%D0%BE%D0%B1%D0%BB%D0%B0%D1%81%D1%82%D1%8C%2C+%D0%9F%D1%80%D0%B8%D0%BC%D0%BE%D1%80%D1%81%D1%8C%D0%BA%D0%B8%D0%B9+%D1%80%D0%B0%D0%B9%D0%BE%D0%BD+%D0%9F%D1%80%D0%B8%D0%BC%D0%BE%D1%80%D1%81%D1%8C%D0%BA%2C+%D0%B2%D1%83%D0%BB%D0%B8%D1%86%D1%8F+%D0%97%D0%B0%D1%80%D1%96%D1%87%D0%BD%D0%B0%2C+72100&language=Uk
[INFO ] 2017-07-07 00:16:48.933 [SwingWorker-pool-3-thread-1] OkHttpRequestHandler - Request: https://maps.googleapis.com/maps/api/geocode/json?key=AIzaSyAfSGUAZLPORv9x8bHrMB14mu6qhhWr0co&address=%D0%97%D0%B0%D0%BF%D0%BE%D1%80%D1%96%D0%B7%D1%8C%D0%BA%D0%B0+%D0%BE%D0%B1%D0%BB%D0%B0%D1%81%D1%82%D1%8C%2C+%D0%9F%D1%80%D0%B8%D0%BC%D0%BE%D1%80%D1%81%D1%8C%D0%BA%D0%B8%D0%B9+%D1%80%D0%B0%D0%B9%D0%BE%D0%BD+%D0%9F%D1%80%D0%B8%D0%BC%D0%BE%D1%80%D1%81%D1%8C%D0%BA%2C+%D0%BF%D1%80%D0%BE%D0%B2%D1%83%D0%BB%D0%BE%D0%BA+%D0%9A%D0%B2%D1%96%D1%82%D1%83%D1%87%D0%B8%D0%B9%2C+72100&language=Uk
[INFO ] 2017-07-07 00:16:49.376 [SwingWorker-pool-3-thread-1] OkHttpRequestHandler - Request: https://maps.googleapis.com/maps/api/geocode/json?key=AIzaSyAfSGUAZLPORv9x8bHrMB14mu6qhhWr0co&address=%D0%97%D0%B0%D0%BF%D0%BE%D1%80%D1%96%D0%B7%D1%8C%D0%BA%D0%B0+%D0%BE%D0%B1%D0%BB%D0%B0%D1%81%D1%82%D1%8C%2C+%D0%9F%D1%80%D0%B8%D0%BC%D0%BE%D1%80%D1%81%D1%8C%D0%BA%D0%B8%D0%B9+%D1%80%D0%B0%D0%B9%D0%BE%D0%BD+%D0%9F%D1%80%D0%B8%D0%BC%D0%BE%D1%80%D1%81%D1%8C%D0%BA%2C+%D0%BF%D1%80%D0%BE%D0%B2%D1%83%D0%BB%D0%BE%D0%BA+%D0%A1%D0%B0%D0%B4%D0%BE%D0%B2%D0%B8%D0%B9%2C+72100&language=Uk
[INFO ] 2017-07-07 00:16:49.859 [SwingWorker-pool-3-thread-1] OkHttpRequestHandler - Request: https://maps.googleapis.com/maps/api/geocode/json?key=AIzaSyAfSGUAZLPORv9x8bHrMB14mu6qhhWr0co&address=%D0%97%D0%B0%D0%BF%D0%BE%D1%80%D1%96%D0%B7%D1%8C%D0%BA%D0%B0+%D0%BE%D0%B1%D0%BB%D0%B0%D1%81%D1%82%D1%8C%2C+%D0%9F%D1%80%D0%B8%D0%BC%D0%BE%D1%80%D1%81%D1%8C%D0%BA%D0%B8%D0%B9+%D1%80%D0%B0%D0%B9%D0%BE%D0%BD+%D0%9F%D1%80%D0%B8%D0%BC%D0%BE%D1%80%D1%81%D1%8C%D0%BA%2C+%D0%B2%D1%83%D0%BB%D0%B8%D1%86%D1%8F+%D0%92%D0%B0%D0%B2%D1%96%D0%BB%D0%BE%D0%B2%D0%B0%2C+72100&language=Uk
[INFO ] 2017-07-07 00:16:50.510 [SwingWorker-pool-3-thread-1] OkHttpRequestHandler - Request: https://maps.googleapis.com/maps/api/geocode/json?key=AIzaSyAfSGUAZLPORv9x8bHrMB14mu6qhhWr0co&address=%D0%97%D0%B0%D0%BF%D0%BE%D1%80%D1%96%D0%B7%D1%8C%D0%BA%D0%B0+%D0%BE%D0%B1%D0%BB%D0%B0%D1%81%D1%82%D1%8C%2C+%D0%9F%D1%80%D0%B8%D0%BC%D0%BE%D1%80%D1%81%D1%8C%D0%BA%D0%B8%D0%B9+%D1%80%D0%B0%D0%B9%D0%BE%D0%BD+%D0%9F%D1%80%D0%B8%D0%BC%D0%BE%D1%80%D1%81%D1%8C%D0%BA%2C+%D0%B2%D1%83%D0%BB%D0%B8%D1%86%D1%8F+%D0%9B%D0%BE%D0%BC%D0%BE%D0%BD%D0%BE%D1%81%D0%BE%D0%B2%D0%B0%2C+72100&language=Uk
[INFO ] 2017-07-07 00:16:51.044 [SwingWorker-pool-3-thread-1] OkHttpRequestHandler - Request: https://maps.googleapis.com/maps/api/geocode/json?key=AIzaSyAfSGUAZLPORv9x8bHrMB14mu6qhhWr0co&address=%D0%97%D0%B0%D0%BF%D0%BE%D1%80%D1%96%D0%B7%D1%8C%D0%BA%D0%B0+%D0%BE%D0%B1%D0%BB%D0%B0%D1%81%D1%82%D1%8C%2C+%D0%9F%D1%80%D0%B8%D0%BC%D0%BE%D1%80%D1%81%D1%8C%D0%BA%D0%B8%D0%B9+%D1%80%D0%B0%D0%B9%D0%BE%D0%BD+%D0%9F%D1%80%D0%B8%D0%BC%D0%BE%D1%80%D1%81%D1%8C%D0%BA%2C+%D0%B2%D1%83%D0%BB%D0%B8%D1%86%D1%8F+%D0%A1%D1%82%D0%B5%D0%BF%D0%BE%D0%B2%D0%B0%2C+72100&language=Uk
[INFO ] 2017-07-07 00:16:51.706 [SwingWorker-pool-3-thread-1] OkHttpRequestHandler - Request: https://maps.googleapis.com/maps/api/geocode/json?key=AIzaSyAfSGUAZLPORv9x8bHrMB14mu6qhhWr0co&address=%D0%97%D0%B0%D0%BF%D0%BE%D1%80%D1%96%D0%B7%D1%8C%D0%BA%D0%B0+%D0%BE%D0%B1%D0%BB%D0%B0%D1%81%D1%82%D1%8C%2C+%D0%9F%D1%80%D0%B8%D0%BC%D0%BE%D1%80%D1%81%D1%8C%D0%BA%D0%B8%D0%B9+%D1%80%D0%B0%D0%B9%D0%BE%D0%BD+%D0%9F%D1%80%D0%B8%D0%BC%D0%BE%D1%80%D1%81%D1%8C%D0%BA%2C+%D0%B2%D1%83%D0%BB%D0%B8%D1%86%D1%8F+%D0%9F%D1%96%D0%B2%D0%B4%D0%B5%D0%BD%D0%BD%D0%B0%2C+72100&language=Uk
[INFO ] 2017-07-07 00:16:52.236 [SwingWorker-pool-3-thread-1] OkHttpRequestHandler - Request: https://maps.googleapis.com/maps/api/geocode/json?key=AIzaSyAfSGUAZLPORv9x8bHrMB14mu6qhhWr0co&address=%D0%97%D0%B0%D0%BF%D0%BE%D1%80%D1%96%D0%B7%D1%8C%D0%BA%D0%B0+%D0%BE%D0%B1%D0%BB%D0%B0%D1%81%D1%82%D1%8C%2C+%D0%9F%D1%80%D0%B8%D0%BC%D0%BE%D1%80%D1%81%D1%8C%D0%BA%D0%B8%D0%B9+%D1%80%D0%B0%D0%B9%D0%BE%D0%BD+%D0%9F%D1%80%D0%B8%D0%BC%D0%BE%D1%80%D1%81%D1%8C%D0%BA%2C+%D0%B2%D1%83%D0%BB%D0%B8%D1%86%D1%8F+%D0%9C%D0%BE%D0%BB%D0%BE%D0%B4%D1%96%D0%B6%D0%BD%D0%B0%2C+72100&language=Uk
[INFO ] 2017-07-07 00:16:52.797 [SwingWorker-pool-3-thread-1] OkHttpRequestHandler - Request: https://maps.googleapis.com/maps/api/geocode/json?key=AIzaSyAfSGUAZLPORv9x8bHrMB14mu6qhhWr0co&address=%D0%97%D0%B0%D0%BF%D0%BE%D1%80%D1%96%D0%B7%D1%8C%D0%BA%D0%B0+%D0%BE%D0%B1%D0%BB%D0%B0%D1%81%D1%82%D1%8C%2C+%D0%9F%D1%80%D0%B8%D0%BC%D0%BE%D1%80%D1%81%D1%8C%D0%BA%D0%B8%D0%B9+%D1%80%D0%B0%D0%B9%D0%BE%D0%BD+%D0%9F%D1%80%D0%B8%D0%BC%D0%BE%D1%80%D1%81%D1%8C%D0%BA%2C+%D0%B2%D1%83%D0%BB%D0%B8%D1%86%D1%8F+%D0%9F%D0%B5%D1%80%D1%88%D0%BE%D1%82%D1%80%D0%B0%D0%B2%D0%BD%D0%B5%D0%B2%D0%B0%2C+72100&language=Uk
[INFO ] 2017-07-07 00:16:53.410 [SwingWorker-pool-3-thread-1] OkHttpRequestHandler - Request: https://maps.googleapis.com/maps/api/geocode/json?key=AIzaSyAfSGUAZLPORv9x8bHrMB14mu6qhhWr0co&address=%D0%97%D0%B0%D0%BF%D0%BE%D1%80%D1%96%D0%B7%D1%8C%D0%BA%D0%B0+%D0%BE%D0%B1%D0%BB%D0%B0%D1%81%D1%82%D1%8C%2C+%D0%9F%D1%80%D0%B8%D0%BC%D0%BE%D1%80%D1%81%D1%8C%D0%BA%D0%B8%D0%B9+%D1%80%D0%B0%D0%B9%D0%BE%D0%BD+%D0%9F%D1%80%D0%B8%D0%BC%D0%BE%D1%80%D1%81%D1%8C%D0%BA%2C+%D0%B2%D1%83%D0%BB%D0%B8%D1%86%D1%8F+%D0%9A%D1%83%D1%82%D1%83%D0%B7%D0%BE%D0%B2%D0%B0%2C+72100&language=Uk
[INFO ] 2017-07-07 00:16:53.986 [SwingWorker-pool-3-thread-1] OkHttpRequestHandler - Request: https://maps.googleapis.com/maps/api/geocode/json?key=AIzaSyAfSGUAZLPORv9x8bHrMB14mu6qhhWr0co&address=%D0%97%D0%B0%D0%BF%D0%BE%D1%80%D1%96%D0%B7%D1%8C%D0%BA%D0%B0+%D0%BE%D0%B1%D0%BB%D0%B0%D1%81%D1%82%D1%8C%2C+%D0%9F%D1%80%D0%B8%D0%BC%D0%BE%D1%80%D1%81%D1%8C%D0%BA%D0%B8%D0%B9+%D1%80%D0%B0%D0%B9%D0%BE%D0%BD+%D0%9F%D1%80%D0%B8%D0%BC%D0%BE%D1%80%D1%81%D1%8C%D0%BA%2C+%D0%B2%D1%83%D0%BB%D0%B8%D1%86%D1%8F+%D0%A0%D0%B0%D0%B9%D0%B4%D1%83%D0%B6%D0%BD%D0%B0%2C+72100&language=Uk
[INFO ] 2017-07-07 00:16:54.776 [SwingWorker-pool-3-thread-1] OkHttpRequestHandler - Request: https://maps.googleapis.com/maps/api/geocode/json?key=AIzaSyAfSGUAZLPORv9x8bHrMB14mu6qhhWr0co&address=%D0%97%D0%B0%D0%BF%D0%BE%D1%80%D1%96%D0%B7%D1%8C%D0%BA%D0%B0+%D0%BE%D0%B1%D0%BB%D0%B0%D1%81%D1%82%D1%8C%2C+%D0%9F%D1%80%D0%B8%D0%BC%D0%BE%D1%80%D1%81%D1%8C%D0%BA%D0%B8%D0%B9+%D1%80%D0%B0%D0%B9%D0%BE%D0%BD+%D0%9F%D1%80%D0%B8%D0%BC%D0%BE%D1%80%D1%81%D1%8C%D0%BA%2C+%D0%B2%D1%83%D0%BB%D0%B8%D1%86%D1%8F+%D0%9A%D0%BE%D0%BA%D0%BE%D1%88%D0%BA%D0%BE%2C+72100&language=Uk
[INFO ] 2017-07-07 00:16:55.224 [SwingWorker-pool-3-thread-1] OkHttpRequestHandler - Request: https://maps.googleapis.com/maps/api/geocode/json?key=AIzaSyAfSGUAZLPORv9x8bHrMB14mu6qhhWr0co&address=%D0%97%D0%B0%D0%BF%D0%BE%D1%80%D1%96%D0%B7%D1%8C%D0%BA%D0%B0+%D0%BE%D0%B1%D0%BB%D0%B0%D1%81%D1%82%D1%8C%2C+%D0%9F%D1%80%D0%B8%D0%BC%D0%BE%D1%80%D1%81%D1%8C%D0%BA%D0%B8%D0%B9+%D1%80%D0%B0%D0%B9%D0%BE%D0%BD+%D0%9F%D1%80%D0%B8%D0%BC%D0%BE%D1%80%D1%81%D1%8C%D0%BA%2C+%D0%BF%D1%80%D0%BE%D0%B2%D1%83%D0%BB%D0%BE%D0%BA+%D0%92%D0%B5%D1%80%D0%B1%D0%BE%D0%B2%D0%B8%D0%B9%2C+72100&language=Uk
[INFO ] 2017-07-07 00:16:55.749 [SwingWorker-pool-3-thread-1] OkHttpRequestHandler - Request: https://maps.googleapis.com/maps/api/geocode/json?key=AIzaSyAfSGUAZLPORv9x8bHrMB14mu6qhhWr0co&address=%D0%97%D0%B0%D0%BF%D0%BE%D1%80%D1%96%D0%B7%D1%8C%D0%BA%D0%B0+%D0%BE%D0%B1%D0%BB%D0%B0%D1%81%D1%82%D1%8C%2C+%D0%9F%D1%80%D0%B8%D0%BC%D0%BE%D1%80%D1%81%D1%8C%D0%BA%D0%B8%D0%B9+%D1%80%D0%B0%D0%B9%D0%BE%D0%BD+%D0%9F%D1%80%D0%B8%D0%BC%D0%BE%D1%80%D1%81%D1%8C%D0%BA%2C+%D0%B2%D1%83%D0%BB%D0%B8%D1%86%D1%8F+%D0%9F%D1%83%D1%88%D0%BA%D1%96%D0%BD%D0%B0%2C+72100&language=Uk
[INFO ] 2017-07-07 00:16:56.275 [SwingWorker-pool-3-thread-1] OkHttpRequestHandler - Request: https://maps.googleapis.com/maps/api/geocode/json?key=AIzaSyAfSGUAZLPORv9x8bHrMB14mu6qhhWr0co&address=%D0%97%D0%B0%D0%BF%D0%BE%D1%80%D1%96%D0%B7%D1%8C%D0%BA%D0%B0+%D0%BE%D0%B1%D0%BB%D0%B0%D1%81%D1%82%D1%8C%2C+%D0%9F%D1%80%D0%B8%D0%BC%D0%BE%D1%80%D1%81%D1%8C%D0%BA%D0%B8%D0%B9+%D1%80%D0%B0%D0%B9%D0%BE%D0%BD+%D0%9F%D1%80%D0%B8%D0%BC%D0%BE%D1%80%D1%81%D1%8C%D0%BA%2C+%D0%B2%D1%83%D0%BB%D0%B8%D1%86%D1%8F+%D0%9E%D0%B1%D1%96%D1%82%D0%BE%D1%87%D0%BD%D0%B0%2C+72100&language=Uk
[INFO ] 2017-07-07 00:16:56.805 [SwingWorker-pool-3-thread-1] OkHttpRequestHandler - Request: https://maps.googleapis.com/maps/api/geocode/json?key=AIzaSyAfSGUAZLPORv9x8bHrMB14mu6qhhWr0co&address=%D0%97%D0%B0%D0%BF%D0%BE%D1%80%D1%96%D0%B7%D1%8C%D0%BA%D0%B0+%D0%BE%D0%B1%D0%BB%D0%B0%D1%81%D1%82%D1%8C%2C+%D0%A0%D0%BE%D0%B7%D1%96%D0%B2%D1%81%D1%8C%D0%BA%D0%B8%D0%B9+%D1%80%D0%B0%D0%B9%D0%BE%D0%BD+%D0%A0%D0%BE%D0%B7%D1%96%D0%B2%D0%BA%D0%B0%2C+%D0%B2%D1%83%D0%BB%D0%B8%D1%86%D1%8F+%D0%93%D0%B5%D1%80%D1%86%D0%B5%D0%BD%D0%B0%2C+70302&language=Uk
[INFO ] 2017-07-07 00:16:57.805 [SwingWorker-pool-3-thread-1] OkHttpRequestHandler - Request: https://maps.googleapis.com/maps/api/geocode/json?key=AIzaSyAfSGUAZLPORv9x8bHrMB14mu6qhhWr0co&address=%D0%97%D0%B0%D0%BF%D0%BE%D1%80%D1%96%D0%B7%D1%8C%D0%BA%D0%B0+%D0%BE%D0%B1%D0%BB%D0%B0%D1%81%D1%82%D1%8C%2C+%D0%A0%D0%BE%D0%B7%D1%96%D0%B2%D1%81%D1%8C%D0%BA%D0%B8%D0%B9+%D1%80%D0%B0%D0%B9%D0%BE%D0%BD+%D0%A0%D0%BE%D0%B7%D1%96%D0%B2%D0%BA%D0%B0%2C+%D0%B2%D1%83%D0%BB%D0%B8%D1%86%D1%8F+%D0%97%D0%B5%D0%BB%D0%B5%D0%BD%D0%B0%2C+70302&language=Uk
